/.html (Status: 403)
/.html.php (Status: 403)
/.php (Status: 403)
/index (Status: 200)
/.htm (Status: 403)
/.htm.php (Status: 403)
/profile (Status: 200)
/config.php (Status: 200)
/uploads (Status: 301)
/upload (Status: 200)
/upload.php (Status: 200)
/static (Status: 301)
/. (Status: 200)
/.htaccess (Status: 403)
/.htaccess.php (Status: 403)
/.phtml (Status: 403)
/vendor (Status: 301)
/.htc (Status: 403)
/.htc.php (Status: 403)
/release (Status: 301)
/output (Status: 301)
/convert.php (Status: 200)
/.html_var_DE (Status: 403)
/.html_var_DE.php (Status: 403)
/server-status (Status: 403)
/.htpasswd (Status: 403)
/.htpasswd.php (Status: 403)
/edit-profile (Status: 200)
/patents (Status: 301)
/.html. (Status: 403)
/.html..php (Status: 403)
/.html.html (Status: 403)
/.html.html.php (Status: 403)
/.htpasswds (Status: 403)
/.htpasswds.php (Status: 403)
/.DS_Store (Status: 200)
/.htm. (Status: 403)
/.htm..php (Status: 403)
/.htmll (Status: 403)
/.htmll.php (Status: 403)
/.phps (Status: 403)
/.html.old (Status: 403)
/.html.old.php (Status: 403)
/.ht (Status: 403)
/.ht.php (Status: 403)
/.html.bak (Status: 403)
/.html.bak.php (Status: 403)
/.htm.htm (Status: 403)
/.htm.htm.php (Status: 403)
/.htgroup (Status: 403)
/.htgroup.php (Status: 403)
/.hta (Status: 403)
/.hta.php (Status: 403)
/.html1 (Status: 403)
/.html1.php (Status: 403)
/.html.LCK (Status: 403)
/.html.LCK.php (Status: 403)
/.html.printable (Status: 403)
/.html.printable.php (Status: 403)
/.htm.LCK (Status: 403)
/.htm.LCK.php (Status: 403)
/.html.php (Status: 403)
/.html.php.php (Status: 403)
/.htaccess.bak (Status: 403)
/.htaccess.bak.php (Status: 403)
/.htmls (Status: 403)
/.htmls.php (Status: 403)
/.htx (Status: 403)
/.htx.php (Status: 403)
/.htlm (Status: 403)
/.htlm.php (Status: 403)
/.htm2 (Status: 403)
/.htm2.php (Status: 403)
/.htuser (Status: 403)
/.htuser.php (Status: 403)
/.html- (Status: 403)
/.html-.php (Status: 403)
/.htacess (Status: 403)
/.htacess.php (Status: 403)
/.htm.html (Status: 403)
/.htm.html.php (Status: 403)
/.html-1 (Status: 403)
/.html-1.php (Status: 403)
/.htm.d (Status: 403)
/.htm.d.php (Status: 403)
/.htm.old (Status: 403)
/.htm.old.php (Status: 403)
/.html_files (Status: 403)
/.html_files.php (Status: 403)
/.html.orig (Status: 403)
/.html.orig.php (Status: 403)
/.html_ (Status: 403)
/.html_.php (Status: 403)
/.hts (Status: 403)
/.hts.php (Status: 403)
/.htmlprint (Status: 403)
/.htmlprint.php (Status: 403)
/.html.sav (Status: 403)
/.html.sav.php (Status: 403)
/.htmlpar (Status: 403)
/.htmlpar.php (Status: 403)
/.htaccess.old (Status: 403)
/.htaccess.old.php (Status: 403)
/.htm.bak (Status: 403)
/.htm.bak.php (Status: 403)
/.htm3 (Status: 403)
/.htm3.php (Status: 403)
/.htm.rc (Status: 403)
/.htm.rc.php (Status: 403)
/.htm8 (Status: 403)
/.htm8.php (Status: 403)
/.htm7 (Status: 403)
/.htm7.php (Status: 403)
/.html-- (Status: 403)
/.html--.php (Status: 403)
/.htm_ (Status: 403)
/.htm_.php (Status: 403)
/.htm5 (Status: 403)
/.html-0 (Status: 403)
/.html-0.php (Status: 403)
/.htm5.php (Status: 403)
/.html-2 (Status: 403)
/.html-2.php (Status: 403)
/.html-c (Status: 403)
/.html-c.php (Status: 403)
/.html-p (Status: 403)
/.html-p.php (Status: 403)
/.html-old (Status: 403)
/.html-old.php (Status: 403)
/.html.htm (Status: 403)
/.html.htm.php (Status: 403)
/.html.images (Status: 403)
/.html.images.php (Status: 403)
/.html.pdf (Status: 403)
/.html.pdf.php (Status: 403)
/.html.inc (Status: 403)
/.html4 (Status: 403)
/.html4.php (Status: 403)
/.html.inc.php (Status: 403)
/.html.start (Status: 403)
/.html.start.php (Status: 403)
/.html.none (Status: 403)
/.html.none.php (Status: 403)
/.html.txt (Status: 403)
/.html.txt.php (Status: 403)
/.html5 (Status: 403)
/.html5.php (Status: 403)
/.htmla (Status: 403)
/.htmla.php (Status: 403)
/.html_old (Status: 403)
/.html7 (Status: 403)
/.htmlDolmetschen (Status: 403)
/.htmlDolmetschen.php (Status: 403)
/.html_old.php (Status: 403)
/.html7.php (Status: 403)
/.htmlBAK (Status: 403)
/.htmlBAK.php (Status: 403)
/.htmlq (Status: 403)
/.htmlq.php (Status: 403)
/.htmlu (Status: 403)
/.htmlu.php (Status: 403)
/.htmlc (Status: 403)
/.htmlc.php (Status: 403)
/.htmlfeed (Status: 403)
/.htmlfeed.php (Status: 403)
/.htn (Status: 403)
/.htn.php (Status: 403)
